This file contains any messages produced by compilers while
running configure, to aid debugging if configure makes a mistake.

It was created by The Glorious Glasgow Haskell Compilation System configure 9.0.2, which was
generated by GNU Autoconf 2.71.  Invocation command line was

  $ /Users/youssefmoawad/.stack/programs/x86_64-osx/ghc-9.0.2/ghc-9.0.2-x86_64-apple-darwin/configure

## --------- ##
## Platform. ##
## --------- ##

hostname = Youssefs-MacBook-Pro.local
uname -m = arm64
uname -r = 21.5.0
uname -s = Darwin
uname -v = Darwin Kernel Version 21.5.0: Tue Apr 26 21:08:29 PDT 2022; root:xnu-8020.121.3~4/RELEASE_ARM64_T8101

/usr/bin/uname -p = arm
/bin/uname -X     = unknown

/bin/arch              = unknown
/usr/bin/arch -k       = unknown
/usr/convex/getsysinfo = unknown
/usr/bin/hostinfo      = Mach kernel version:
	 Darwin Kernel Version 21.5.0: Tue Apr 26 21:08:29 PDT 2022; root:xnu-8020.121.3~4/RELEASE_ARM64_T8101
Kernel configured for up to 8 processors.
8 processors are physically available.
8 processors are logically available.
Processor type: arm64e (ARM64E)
Processors active: 0 1 2 3 4 5 6 7
Primary memory available: 16.00 gigabytes
Default processor set: 645 tasks, 2606 threads, 8 processors
Load average: 2.10, Mach factor: 5.89
/bin/machine           = unknown
/usr/bin/oslevel       = unknown
/bin/universe          = unknown

PATH: /Library/TeX/texbin/
PATH: /Users/youssefmoawad/.yarn/bin/
PATH: /Users/youssefmoawad/.config/yarn/global/node_modules/.bin/
PATH: /Users/youssefmoawad/.cabal/bin/
PATH: /Users/youssefmoawad/.ghcup/bin/
PATH: /Users/youssefmoawad/Downloads/bsc/inst/bin/
PATH: /Users/youssefmoawad/.nvm/versions/node/v16.1.0/bin/
PATH: /Users/youssefmoawad/.cabal/bin/
PATH: /Users/youssefmoawad/.ghcup/bin/
PATH: /Users/youssefmoawad/.rbenv/shims/
PATH: /opt/homebrew/bin/
PATH: /Users/youssefmoawad/bin/
PATH: /usr/local/bin/
PATH: /usr/local/bin/
PATH: /usr/bin/
PATH: /bin/
PATH: /usr/sbin/
PATH: /sbin/
PATH: /Library/TeX/texbin/
PATH: /Library/Apple/usr/bin/
PATH: /Applications/Wireshark.app/Contents/MacOS/
PATH: /Users/youssefmoawad/.cargo/bin/


## ----------- ##
## Core tests. ##
## ----------- ##

configure:2604: looking for aux files: install-sh config.guess config.sub
configure:2617:  trying /Users/youssefmoawad/.stack/programs/x86_64-osx/ghc-9.0.2/ghc-9.0.2-x86_64-apple-darwin/
configure:2628:   /Users/youssefmoawad/.stack/programs/x86_64-osx/ghc-9.0.2/ghc-9.0.2-x86_64-apple-darwin/install-sh found
configure:2646:   /Users/youssefmoawad/.stack/programs/x86_64-osx/ghc-9.0.2/ghc-9.0.2-x86_64-apple-darwin/config.guess found
configure:2646:   /Users/youssefmoawad/.stack/programs/x86_64-osx/ghc-9.0.2/ghc-9.0.2-x86_64-apple-darwin/config.sub found
configure:2834: checking build system type
configure:2849: result: aarch64-apple-darwin21.5.0
configure:2869: checking host system type
configure:2883: result: aarch64-apple-darwin21.5.0
configure:2903: checking target system type
configure:2917: result: aarch64-apple-darwin21.5.0
configure:3912: checking for path to top of build tree
configure:3938: result: /Users/youssefmoawad/phd/fqt
configure:3973: checking for a BSD-compatible install
configure:4046: result: /usr/bin/install -c
configure:4060: checking whether ln -s works
configure:4064: result: yes
configure:4076: checking for gsed
configure:4112: result: sed
configure:4124: checking for python3
configure:4147: found /usr/local/bin/python3
configure:4159: result: /usr/local/bin/python3
configure:4174: checking Xcode version
configure:4185: result: 13.2.1
configure:4189: Xcode version component 1: 13
configure:4191: Xcode version component 2: 2
configure:4265: checking for gcc
configure:4286: found /usr/bin/gcc
configure:4297: result: gcc
configure:4328: checking for C compiler version
configure:4337: gcc --version >&5
Apple clang version 13.0.0 (clang-1300.0.29.30)
Target: arm64-apple-darwin21.5.0
Thread model: posix
InstalledDir: /Applications/Xcode.app/Contents/Developer/Toolchains/XcodeDefault.xctoolchain/usr/bin
Configured with: --prefix=/Applications/Xcode.app/Contents/Developer/usr --with-gxx-include-dir=/Applications/Xcode.app/Contents/Developer/Platforms/MacOSX.platform/Developer/SDKs/MacOSX.sdk/usr/include/c++/4.2.1
configure:4348: $? = 0
configure:4337: gcc -v >&5
Configured with: --prefix=/Applications/Xcode.app/Contents/Developer/usr --with-gxx-include-dir=/Applications/Xcode.app/Contents/Developer/Platforms/MacOSX.platform/Developer/SDKs/MacOSX.sdk/usr/include/c++/4.2.1
Apple clang version 13.0.0 (clang-1300.0.29.30)
Target: arm64-apple-darwin21.5.0
Thread model: posix
InstalledDir: /Applications/Xcode.app/Contents/Developer/Toolchains/XcodeDefault.xctoolchain/usr/bin
configure:4348: $? = 0
configure:4337: gcc -V >&5
clang: error: argument to '-V' is missing (expected 1 value)
clang: error: no input files
configure:4348: $? = 1
configure:4337: gcc -qversion >&5
clang: error: unknown argument '-qversion'; did you mean '--version'?
clang: error: no input files
configure:4348: $? = 1
configure:4337: gcc -version >&5
clang: error: unknown argument '-version'; did you mean '--version'?
clang: error: no input files
configure:4348: $? = 1
configure:4368: checking whether the C compiler works
configure:4390: gcc    conftest.c  >&5
configure:4394: $? = 0
configure:4444: result: yes
configure:4447: checking for C compiler default output file name
configure:4449: result: a.out
configure:4455: checking for suffix of executables
configure:4462: gcc -o conftest    conftest.c  >&5
configure:4466: $? = 0
configure:4489: result: 
configure:4511: checking whether we are cross compiling
configure:4519: gcc -o conftest    conftest.c  >&5
configure:4523: $? = 0
configure:4530: ./conftest
configure:4534: $? = 0
configure:4549: result: no
configure:4554: checking for suffix of object files
configure:4577: gcc -c   conftest.c >&5
configure:4581: $? = 0
configure:4603: result: o
configure:4607: checking whether the compiler supports GNU C
configure:4627: gcc -c   conftest.c >&5
configure:4627: $? = 0
configure:4637: result: yes
configure:4648: checking whether gcc accepts -g
configure:4669: gcc -c -g  conftest.c >&5
configure:4669: $? = 0
configure:4713: result: yes
configure:4733: checking for gcc option to enable C11 features
configure:4748: gcc  -c -g -O2  conftest.c >&5
configure:4748: $? = 0
configure:4766: result: none needed
configure:4882: checking how to run the C preprocessor
configure:4908: gcc -E  conftest.c
configure:4908: $? = 0
configure:4923: gcc -E  conftest.c
conftest.c:9:10: fatal error: 'ac_nonexistent.h' file not found
#include <ac_nonexistent.h>
         ^~~~~~~~~~~~~~~~~~
1 error generated.
configure:4923: $? = 1
configure: failed program was:
| /* confdefs.h */
| #define PACKAGE_NAME "The Glorious Glasgow Haskell Compilation System"
| #define PACKAGE_TARNAME "ghc-9.0.2"
| #define PACKAGE_VERSION "9.0.2"
| #define PACKAGE_STRING "The Glorious Glasgow Haskell Compilation System 9.0.2"
| #define PACKAGE_BUGREPORT "glasgow-haskell-bugs@haskell.org"
| #define PACKAGE_URL ""
| /* end confdefs.h.  */
| #include <ac_nonexistent.h>
configure:4950: result: gcc -E
configure:4964: gcc -E  conftest.c
configure:4964: $? = 0
configure:4979: gcc -E  conftest.c
conftest.c:9:10: fatal error: 'ac_nonexistent.h' file not found
#include <ac_nonexistent.h>
         ^~~~~~~~~~~~~~~~~~
1 error generated.
configure:4979: $? = 1
configure: failed program was:
| /* confdefs.h */
| #define PACKAGE_NAME "The Glorious Glasgow Haskell Compilation System"
| #define PACKAGE_TARNAME "ghc-9.0.2"
| #define PACKAGE_VERSION "9.0.2"
| #define PACKAGE_STRING "The Glorious Glasgow Haskell Compilation System 9.0.2"
| #define PACKAGE_BUGREPORT "glasgow-haskell-bugs@haskell.org"
| #define PACKAGE_URL ""
| /* end confdefs.h.  */
| #include <ac_nonexistent.h>
configure:107: checking for -ld.lld
configure:142: result: no
configure:152: checking for ld.lld
configure:187: result: no
configure:107: checking for -ld.gold
configure:142: result: no
configure:152: checking for ld.gold
configure:187: result: no
configure:107: checking for -ld
configure:142: result: no
configure:152: checking for ld
configure:173: found /usr/bin/ld
configure:184: result: ld
configure:256: unknown linker version 
configure:260: unable to convince 'gcc' to use linker 'ld'
configure:275: checking for -ld
configure:310: result: no
configure:320: checking for ld
configure:341: found /usr/bin/ld
configure:352: result: ld
configure:5924: checking for ld.gold object merging bug (binutils 22266)
configure:6226: checking whether ld is GNU ld
configure:6238: result: NO
configure:6244: checking whether ld understands --build-id
configure:6259: result: no
configure:6269: checking whether ld understands -no_compact_unwind
configure:6284: result: yes
configure:6294: checking whether ld understands -filelist
configure:6316: result: yes
configure:6328: checking for -strip
configure:6363: result: no
configure:6373: checking for strip
configure:6394: found /usr/bin/strip
configure:6405: result: strip
configure:6435: checking for gawk
configure:6470: result: no
configure:6435: checking for mawk
configure:6470: result: no
configure:6435: checking for nawk
configure:6470: result: no
configure:6435: checking for awk
configure:6456: found /usr/bin/awk
configure:6467: result: awk
configure:6535: checking for llc-13
configure:6570: result: no
configure:6535: checking for llc-13.0
configure:6570: result: no
configure:6535: checking for llc-12
configure:6570: result: no
configure:6535: checking for llc-12.0
configure:6570: result: no
configure:6535: checking for llc-11
configure:6570: result: no
configure:6535: checking for llc-11.0
configure:6570: result: no
configure:6535: checking for llc-10
configure:6570: result: no
configure:6535: checking for llc-10.0
configure:6570: result: no
configure:6535: checking for llc-9
configure:6570: result: no
configure:6535: checking for llc-9.0
configure:6570: result: no
configure:6535: checking for llc
configure:6570: result: no
configure:6749: checking for opt-13
configure:6784: result: no
configure:6749: checking for opt-13.0
configure:6784: result: no
configure:6749: checking for opt-12
configure:6784: result: no
configure:6749: checking for opt-12.0
configure:6784: result: no
configure:6749: checking for opt-11
configure:6784: result: no
configure:6749: checking for opt-11.0
configure:6784: result: no
configure:6749: checking for opt-10
configure:6784: result: no
configure:6749: checking for opt-10.0
configure:6784: result: no
configure:6749: checking for opt-9
configure:6784: result: no
configure:6749: checking for opt-9.0
configure:6784: result: no
configure:6749: checking for opt
configure:6784: result: no
configure:6958: $CC is not gcc; assuming it's a reasonably new C compiler
configure:6964: checking whether GCC supports -no-pie
configure:6974: result: no
configure:6980: checking for extra options to pass gcc when compiling via C
configure:6994: result: 
configure:7002: checking Setting up CFLAGS, LDFLAGS, IGNORE_LINKER_LD_FLAGS and CPPFLAGS
configure:7091: result: done
configure:7096: checking Setting up CONF_CC_OPTS_STAGE0, CONF_GCC_LINKER_OPTS_STAGE0, CONF_LD_LINKER_OPTS_STAGE0 and CONF_CPP_OPTS_STAGE0
configure:7185: result: done
configure:7190: checking Setting up CONF_CC_OPTS_STAGE1, CONF_GCC_LINKER_OPTS_STAGE1, CONF_LD_LINKER_OPTS_STAGE1 and CONF_CPP_OPTS_STAGE1
configure:7279: result: done
configure:7285: checking Setting up CONF_CC_OPTS_STAGE2, CONF_GCC_LINKER_OPTS_STAGE2, CONF_LD_LINKER_OPTS_STAGE2 and CONF_CPP_OPTS_STAGE2
configure:7374: result: done
configure:7665: checking for .subsections_via_symbols
configure:7678: gcc -o conftest -g -O2    conftest.c  >&5
configure:7678: $? = 0
configure:7680: result: yes
configure:7700: checking whether your assembler supports .ident directive
configure:7713: gcc -o conftest -g -O2    conftest.c  >&5
configure:7713: $? = 0
configure:7715: result: yes
configure:7737: checking for GNU non-executable stack support
configure:7753: gcc -o conftest    conftest.c  >&5
conftest.c:17:1: warning: expression result unused [-Wunused-value]
0
^
<inline asm>:1:19: error: unexpected token in '.section' directive
.section .note.GNU-stack,"",@progbits
                  ^
<inline asm>:2:15: error: unexpected token in '.section' directive
.section .text
              ^
1 warning and 2 errors generated.
configure:7753: $? = 1
configure: failed program was:
| /* confdefs.h */
| #define PACKAGE_NAME "The Glorious Glasgow Haskell Compilation System"
| #define PACKAGE_TARNAME "ghc-9.0.2"
| #define PACKAGE_VERSION "9.0.2"
| #define PACKAGE_STRING "The Glorious Glasgow Haskell Compilation System 9.0.2"
| #define PACKAGE_BUGREPORT "glasgow-haskell-bugs@haskell.org"
| #define PACKAGE_URL ""
| #define HAVE_SUBSECTIONS_VIA_SYMBOLS 1
| /* end confdefs.h.  */
| 
|            __asm__ (".section .note.GNU-stack,\"\",@progbits");
|            __asm__ (".section .text");
| 
| int
| main (void)
| {
| 0
|   ;
|   return 0;
| }
configure:7759: result: no
configure:7791: checking whether  CC supports --target
configure:7796: result: yes
configure:7819: checking for stdio.h
configure:7819: gcc -c -g -O2   conftest.c >&5
configure:7819: $? = 0
configure:7819: result: yes
configure:7819: checking for stdlib.h
configure:7819: gcc -c -g -O2   conftest.c >&5
configure:7819: $? = 0
configure:7819: result: yes
configure:7819: checking for string.h
configure:7819: gcc -c -g -O2   conftest.c >&5
configure:7819: $? = 0
configure:7819: result: yes
configure:7819: checking for inttypes.h
configure:7819: gcc -c -g -O2   conftest.c >&5
configure:7819: $? = 0
configure:7819: result: yes
configure:7819: checking for stdint.h
configure:7819: gcc -c -g -O2   conftest.c >&5
configure:7819: $? = 0
configure:7819: result: yes
configure:7819: checking for strings.h
configure:7819: gcc -c -g -O2   conftest.c >&5
configure:7819: $? = 0
configure:7819: result: yes
configure:7819: checking for sys/stat.h
configure:7819: gcc -c -g -O2   conftest.c >&5
configure:7819: $? = 0
configure:7819: result: yes
configure:7819: checking for sys/types.h
configure:7819: gcc -c -g -O2   conftest.c >&5
configure:7819: $? = 0
configure:7819: result: yes
configure:7819: checking for unistd.h
configure:7819: gcc -c -g -O2   conftest.c >&5
configure:7819: $? = 0
configure:7819: result: yes
configure:7848: checking size of void *
configure:7854: gcc -o conftest -g -O2    conftest.c  >&5
configure:7854: $? = 0
configure:7854: ./conftest
configure:7854: $? = 0
configure:7869: result: 8
configure:7889: checking whether byte ordering is bigendian
configure:7905: gcc -c -g -O2   conftest.c >&5
configure:7905: $? = 0
configure:7951: gcc -c -g -O2   conftest.c >&5
configure:7951: $? = 0
configure:7970: gcc -c -g -O2   conftest.c >&5
conftest.c:28:4: error: use of undeclared identifier 'not'
                 not big endian
                 ^
1 error generated.
configure:7970: $? = 1
configure: failed program was:
| /* confdefs.h */
| #define PACKAGE_NAME "The Glorious Glasgow Haskell Compilation System"
| #define PACKAGE_TARNAME "ghc-9.0.2"
| #define PACKAGE_VERSION "9.0.2"
| #define PACKAGE_STRING "The Glorious Glasgow Haskell Compilation System 9.0.2"
| #define PACKAGE_BUGREPORT "glasgow-haskell-bugs@haskell.org"
| #define PACKAGE_URL ""
| #define HAVE_SUBSECTIONS_VIA_SYMBOLS 1
| #define HAVE_STDIO_H 1
| #define HAVE_STDLIB_H 1
| #define HAVE_STRING_H 1
| #define HAVE_INTTYPES_H 1
| #define HAVE_STDINT_H 1
| #define HAVE_STRINGS_H 1
| #define HAVE_SYS_STAT_H 1
| #define HAVE_SYS_TYPES_H 1
| #define HAVE_UNISTD_H 1
| #define STDC_HEADERS 1
| #define SIZEOF_VOID_P 8
| /* end confdefs.h.  */
| #include <sys/types.h>
| 		#include <sys/param.h>
| 
| int
| main (void)
| {
| #if BYTE_ORDER != BIG_ENDIAN
| 		 not big endian
| 		#endif
| 
|   ;
|   return 0;
| }
configure:8104: result: no
configure:8187: checking for -ar
configure:8222: result: no
configure:8232: checking for ar
configure:8253: found /usr/bin/ar
configure:8264: result: ar
configure:8286: checking whether ar is GNU ar
configure:8298: result: no
configure:8305: checking for ar arguments
configure:8336: result: qcls
configure:8347: checking whether ar supports @file
configure:8368: result: no
configure:8427: checking for ranlib
configure:8448: found /usr/bin/ranlib
configure:8459: result: ranlib
configure:8845: creating ./config.status

## ---------------------- ##
## Running config.status. ##
## ---------------------- ##

This file was extended by The Glorious Glasgow Haskell Compilation System config.status 9.0.2, which was
generated by GNU Autoconf 2.71.  Invocation command line was

  CONFIG_FILES    = 
  CONFIG_HEADERS  = 
  CONFIG_LINKS    = 
  CONFIG_COMMANDS = 
  $ ./config.status 

on Youssefs-MacBook-Pro.local

config.status:839: error: cannot find input file: `mk/config.mk.in'

## ---------------- ##
## Cache variables. ##
## ---------------- ##

ac_cv_build=aarch64-apple-darwin21.5.0
ac_cv_c_bigendian=no
ac_cv_c_compiler_gnu=yes
ac_cv_env_CC_set=''
ac_cv_env_CC_value=''
ac_cv_env_CFLAGS_set=''
ac_cv_env_CFLAGS_value=''
ac_cv_env_CPPFLAGS_set=''
ac_cv_env_CPPFLAGS_value=''
ac_cv_env_CPP_set=''
ac_cv_env_CPP_value=''
ac_cv_env_LDFLAGS_set=''
ac_cv_env_LDFLAGS_value=''
ac_cv_env_LIBS_set=''
ac_cv_env_LIBS_value=''
ac_cv_env_LLC_set=''
ac_cv_env_LLC_value=''
ac_cv_env_OPT_set=''
ac_cv_env_OPT_value=''
ac_cv_env_build_alias_set=''
ac_cv_env_build_alias_value=''
ac_cv_env_host_alias_set=''
ac_cv_env_host_alias_value=''
ac_cv_env_target_alias_set=''
ac_cv_env_target_alias_value=''
ac_cv_header_inttypes_h=yes
ac_cv_header_stdint_h=yes
ac_cv_header_stdio_h=yes
ac_cv_header_stdlib_h=yes
ac_cv_header_string_h=yes
ac_cv_header_strings_h=yes
ac_cv_header_sys_stat_h=yes
ac_cv_header_sys_types_h=yes
ac_cv_header_unistd_h=yes
ac_cv_host=aarch64-apple-darwin21.5.0
ac_cv_objext=o
ac_cv_path_PYTHON=/usr/local/bin/python3
ac_cv_path_SedCmd=sed
ac_cv_path_install='/usr/bin/install -c'
ac_cv_prog_AWK=awk
ac_cv_prog_CPP='gcc -E'
ac_cv_prog_ac_ct_CC=gcc
ac_cv_prog_ac_ct_LD=ld
ac_cv_prog_ac_ct_RANLIB=ranlib
ac_cv_prog_ac_ct_STRIP=strip
ac_cv_prog_ac_ct_fp_prog_ar=ar
ac_cv_prog_cc_c11=''
ac_cv_prog_cc_g=yes
ac_cv_prog_cc_stdc=''
ac_cv_sizeof_void_p=8
ac_cv_target=aarch64-apple-darwin21.5.0
fp_cv_gnu_ld=NO
fp_cv_ld_build_id=no
fp_cv_ld_has_filelist=yes
fp_cv_ld_no_compact_unwind=yes
fp_cv_prog_ar_args=qcls
fp_cv_prog_ar_is_gnu=no
fp_cv_prog_ar_needs_ranlib=yes
fp_cv_prog_ar_supports_atfile=no

## ----------------- ##
## Output variables. ##
## ----------------- ##

ARM_ISA=''
AS=''
AWK='awk'
ArArgs='qcls'
ArCmd='ar'
ArIsGNUAr='NO'
ArSupportsAtFile='NO'
BuildArch_CPP='x86_64'
BuildOS_CPP='darwin'
BuildPlatform='x86_64-apple-darwin'
BuildPlatform_CPP='x86_64_apple_darwin'
BuildVendor_CPP='apple'
CC='gcc'
CFLAGS='-g -O2 '
CONF_CC_OPTS_STAGE0=''
CONF_CC_OPTS_STAGE1='--target=aarch64-apple-darwin '
CONF_CC_OPTS_STAGE2='--target=aarch64-apple-darwin '
CONF_CPP_OPTS_STAGE0=''
CONF_CPP_OPTS_STAGE1=''
CONF_CPP_OPTS_STAGE2=''
CONF_GCC_LINKER_OPTS_STAGE0=''
CONF_GCC_LINKER_OPTS_STAGE1='--target=aarch64-apple-darwin  '
CONF_GCC_LINKER_OPTS_STAGE2='--target=aarch64-apple-darwin  '
CONF_LD_LINKER_OPTS_STAGE0=''
CONF_LD_LINKER_OPTS_STAGE1=''
CONF_LD_LINKER_OPTS_STAGE2=''
CPP='gcc -E'
CPPFLAGS=''
CrossCompilePrefix=''
CrossCompiling='NO'
DEFS='-DPACKAGE_NAME=\"The\ Glorious\ Glasgow\ Haskell\ Compilation\ System\" -DPACKAGE_TARNAME=\"ghc-9.0.2\" -DPACKAGE_VERSION=\"9.0.2\" -DPACKAGE_STRING=\"The\ Glorious\ Glasgow\ Haskell\ Compilation\ System\ 9.0.2\" -DPACKAGE_BUGREPORT=\"glasgow-haskell-bugs@haskell.org\" -DPACKAGE_URL=\"\" -DHAVE_SUBSECTIONS_VIA_SYMBOLS=1 -DHAVE_STDIO_H=1 -DHAVE_STDLIB_H=1 -DHAVE_STRING_H=1 -DHAVE_INTTYPES_H=1 -DHAVE_STDINT_H=1 -DHAVE_STRINGS_H=1 -DHAVE_SYS_STAT_H=1 -DHAVE_SYS_TYPES_H=1 -DHAVE_UNISTD_H=1 -DSTDC_HEADERS=1 -DSIZEOF_VOID_P=8'
ECHO_C=''
ECHO_N='-n'
ECHO_T=''
EXEEXT=''
FFIIncludeDir='/Library/Developer/CommandLineTools/SDKs/MacOSX.sdk/usr/include/ffi'
FFILibDir='/Library/Developer/CommandLineTools/SDKs/MacOSX.sdk/usr/lib'
GMP_FORCE_INTREE='NO'
GMP_INCLUDE_DIRS=''
GMP_LIB_DIRS=''
GMP_PREFER_FRAMEWORK='NO'
GccExtraViaCOpts=''
GccVersion=''
HaskellCPPArgs='-E -undef -traditional -Wno-invalid-pp-token -Wno-unicode -Wno-trigraphs'
HaskellCPPCmd='gcc'
HaskellHostArch='ArchX86_64'
HaskellHostOs='OSDarwin'
HaskellTargetArch='ArchX86_64'
HaskellTargetOs='OSDarwin'
HostArch_CPP='x86_64'
HostOS_CPP='darwin'
HostPlatform='x86_64-apple-darwin'
HostPlatform_CPP='x86_64_apple_darwin'
HostVendor_CPP='apple'
INSTALL_DATA='${INSTALL} -m 644'
INSTALL_PROGRAM='${INSTALL}'
INSTALL_SCRIPT='${INSTALL}'
LD='ld'
LDFLAGS=''
LIBOBJS=''
LIBS=''
LLC=''
LLVMTarget_CPP='aarch64-apple-darwin'
LN_S='ln -s'
LTLIBOBJS=''
LdCmd='ld'
LdHasBuildId='NO'
LdHasFilelist='YES'
LdHasNoCompactUnwind='YES'
LdIsGNULd='NO'
LibdwIncludeDir=''
LibdwLibDir=''
LlcCmd=''
MergeObjsArgs='-r'
MergeObjsCmd='ld'
OBJEXT='o'
OPT=''
OptCmd=''
PACKAGE_BUGREPORT='glasgow-haskell-bugs@haskell.org'
PACKAGE_NAME='The Glorious Glasgow Haskell Compilation System'
PACKAGE_STRING='The Glorious Glasgow Haskell Compilation System 9.0.2'
PACKAGE_TARNAME='ghc-9.0.2'
PACKAGE_URL=''
PACKAGE_VERSION='9.0.2'
PATH_SEPARATOR=':'
PYTHON='/usr/local/bin/python3'
PythonCmd='/usr/local/bin/python3'
RANLIB='ranlib'
RANLIB_CMD='ranlib'
READELF=''
REAL_RANLIB_CMD='ranlib'
RanlibCmd='ranlib'
SHELL='/bin/sh'
STRIP='strip'
SedCmd='sed'
SettingsArCommand='ar'
SettingsCCompilerCommand='gcc'
SettingsCCompilerFlags='--target=aarch64-apple-darwin '
SettingsCCompilerLinkFlags='--target=aarch64-apple-darwin  '
SettingsCCompilerSupportsNoPie='NO'
SettingsClangCommand='clang'
SettingsCxxCompilerFlags='--target=aarch64-apple-darwin '
SettingsDllWrapCommand='/bin/false'
SettingsHaskellCPPCommand='gcc'
SettingsHaskellCPPFlags='-E -undef -traditional -Wno-invalid-pp-token -Wno-unicode -Wno-trigraphs'
SettingsInstallNameToolCommand='install_name_tool'
SettingsLdCommand='ld'
SettingsLdFlags=''
SettingsLibtoolCommand='libtool'
SettingsLlcCommand='llc'
SettingsMergeObjectsCommand='ld'
SettingsMergeObjectsFlags='-r'
SettingsOptCommand='opt'
SettingsOtoolCommand='otool'
SettingsRanlibCommand='ranlib'
SettingsTouchCommand='touch'
SettingsUseDistroMINGW=''
SettingsWindresCommand='/bin/false'
StripCmd='strip'
TablesNextToCode='YES'
TargetArch_CPP='x86_64'
TargetHasGnuNonexecStack='NO'
TargetHasIdentDirective='YES'
TargetHasRTSLinker='YES'
TargetHasSubsectionsViaSymbols='YES'
TargetOS_CPP='darwin'
TargetPlatform='x86_64-apple-darwin'
TargetPlatformFull='x86_64-apple-darwin'
TargetPlatform_CPP='x86_64_apple_darwin'
TargetVendor_CPP='apple'
TargetWordBigEndian='NO'
TargetWordSize='8'
TmpLd='ld'
Unregisterised='NO'
UseLibdw='NO'
UseLibffiForAdjustors='NO'
ac_ct_CC='gcc'
ac_ct_LLC=''
ac_ct_OPT=''
bindir='${exec_prefix}/bin'
build='x86_64-apple-darwin'
build_alias=''
build_cpu='aarch64'
build_os='darwin21.5.0'
build_vendor='apple'
datadir='${datarootdir}'
datarootdir='${prefix}/share'
docdir='${datarootdir}/doc/${PACKAGE_TARNAME}'
dvidir='${docdir}'
exec_prefix='${prefix}'
exeext_host=''
exeext_target=''
fp_prog_ar='ar'
hardtop='/Users/youssefmoawad/phd/fqt'
host='x86_64-apple-darwin'
host_alias=''
host_cpu='aarch64'
host_os='darwin21.5.0'
host_vendor='apple'
htmldir='${docdir}'
includedir='${prefix}/include'
infodir='${datarootdir}/info'
libdir='${exec_prefix}/lib'
libexecdir='${exec_prefix}/libexec'
localedir='${datarootdir}/locale'
localstatedir='${prefix}/var'
mandir='${datarootdir}/man'
oldincludedir='/usr/include'
pdfdir='${docdir}'
prefix='/usr/local'
program_transform_name='s,x,x,'
psdir='${docdir}'
runstatedir='${localstatedir}/run'
sbindir='${exec_prefix}/sbin'
sharedstatedir='${prefix}/com'
soext_host='.dylib'
soext_target='.dylib'
sysconfdir='${prefix}/etc'
target='x86_64-apple-darwin'
target_alias=''
target_cpu='aarch64'
target_os='darwin21.5.0'
target_vendor='apple'

## ----------- ##
## confdefs.h. ##
## ----------- ##

/* confdefs.h */
#define PACKAGE_NAME "The Glorious Glasgow Haskell Compilation System"
#define PACKAGE_TARNAME "ghc-9.0.2"
#define PACKAGE_VERSION "9.0.2"
#define PACKAGE_STRING "The Glorious Glasgow Haskell Compilation System 9.0.2"
#define PACKAGE_BUGREPORT "glasgow-haskell-bugs@haskell.org"
#define PACKAGE_URL ""
#define HAVE_SUBSECTIONS_VIA_SYMBOLS 1
#define HAVE_STDIO_H 1
#define HAVE_STDLIB_H 1
#define HAVE_STRING_H 1
#define HAVE_INTTYPES_H 1
#define HAVE_STDINT_H 1
#define HAVE_STRINGS_H 1
#define HAVE_SYS_STAT_H 1
#define HAVE_SYS_TYPES_H 1
#define HAVE_UNISTD_H 1
#define STDC_HEADERS 1
#define SIZEOF_VOID_P 8

configure: exit 1
